=== aut2ltl front-end survey: 929 formulas (build 15s, equiv 15s) ===
  formula                    mp tech                DAG  temp   build  equiv
  --------------------------------------------------------------------------
  genaut/raw/aut_00000.hoa   ?  daisy                 1     0  0.068s  True
  genaut/raw/aut_00257.hoa   ?  daisy                 1     0  0.066s  True
  genaut/raw/aut_00258.hoa   ?  daisy                 3     1  0.067s  True
  genaut/raw/aut_00261.hoa   ?  daisy                 1     0  0.061s  True
  genaut/raw/aut_00262.hoa   ?  daisy                 3     2  0.066s  True
  genaut/raw/aut_00265.hoa   ?  daisy                 1     0  0.065s  True
  genaut/raw/aut_00288.hoa   ?  -                              0.592s  NOT_LTL
  genaut/raw/aut_00290.hoa   ?  buchi                31     5  1.140s  True
  genaut/raw/aut_00292.hoa   ?  daisy2                3     2  0.066s  True
  genaut/raw/aut_00294.hoa   ?  buchi                 9     3  1.115s  True
  genaut/raw/aut_00296.hoa   ?  buchi                31     5  1.120s  True
  genaut/raw/aut_00298.hoa   ?  buchi                31     5  1.136s  True
  genaut/raw/aut_00300.hoa   ?  daisy2                3     2  0.064s  True
  genaut/raw/aut_00324.hoa   ?  daisy2                1     0  0.062s  True
  genaut/raw/aut_00326.hoa   ?  acc                   1     0  1.103s  True
  genaut/raw/aut_00328.hoa   ?  daisy2                1     0  0.066s  True
  genaut/raw/aut_00330.hoa   ?  daisy                 1     0  0.065s  True
  genaut/raw/aut_00356.hoa   ?  daisy2                1     0  0.065s  True
  genaut/raw/aut_00358.hoa   ?  acc                   1     0  1.109s  True
  genaut/raw/aut_00360.hoa   ?  daisy2                1     0  0.066s  True
  genaut/raw/aut_00364.hoa   ?  daisy2                1     0  0.062s  True
  genaut/raw/aut_00388.hoa   ?  daisy2                3     2  0.067s  True
  genaut/raw/aut_00390.hoa   ?  buchi                 9     3  1.120s  True
  genaut/raw/aut_00391.hoa   ?  acc                   1     0  1.136s  True
  genaut/raw/aut_00392.hoa   ?  buchi                31     5  1.132s  True
  genaut/raw/aut_00396.hoa   ?  daisy2                3     2  0.065s  True
  genaut/raw/aut_00513.hoa   ?  daisy                 1     0  0.065s  True
  genaut/raw/aut_00514.hoa   ?  daisy                 2     1  0.066s  True
  genaut/raw/aut_00515.hoa   ?  daisy                 5     1  0.065s  True
  genaut/raw/aut_00517.hoa   ?  daisy                 1     0  0.065s  True
  genaut/raw/aut_00518.hoa   ?  daisy                 4     2  0.064s  True
  genaut/raw/aut_00519.hoa   ?  daisy                 5     2  0.066s  True
  genaut/raw/aut_00521.hoa   ?  daisy                 1     0  0.065s  True
  genaut/raw/aut_00528.hoa   ?  -                              0.589s  NOT_LTL
  genaut/raw/aut_00530.hoa   ?  partscc               5     1  0.064s  True
  genaut/raw/aut_00531.hoa   ?  -                              0.589s  NOT_LTL
  genaut/raw/aut_00532.hoa   ?  buchi                13     3  1.139s  True
  genaut/raw/aut_00533.hoa   ?  daisy                 1     0  0.067s  True
  genaut/raw/aut_00534.hoa   ?  buchi                24     5  1.138s  True
  genaut/raw/aut_00535.hoa   ?  acc                   1     0  1.108s  True
  genaut/raw/aut_00536.hoa   ?  buchi                30     5  1.118s  True
  genaut/raw/aut_00540.hoa   ?  -                              0.575s  NOT_LTL
  genaut/raw/aut_00543.hoa   ?  -                              0.585s  NOT_LTL
  genaut/raw/aut_00547.hoa   ?  -                              0.584s  NOT_LTL
  genaut/raw/aut_00548.hoa   ?  buchi               335    65  1.181s  True
  genaut/raw/aut_00551.hoa   ?  acc                   1     0  1.118s  True
  genaut/raw/aut_00552.hoa   ?  daisy                 2     1  0.064s  True
  genaut/raw/aut_00556.hoa   ?  -                              0.584s  NOT_LTL
  genaut/raw/aut_00560.hoa   ?  partscc               9     1  0.066s  True
  genaut/raw/aut_00562.hoa   ?  partscc               5     1  0.065s  True
  genaut/raw/aut_00563.hoa   ?  buchi                31     6  1.120s  True
  genaut/raw/aut_00564.hoa   ?  buchi               185    37  1.140s  UNVERIFIED_SIZE
  genaut/raw/aut_00567.hoa   ?  buchi                18     5  1.117s  True
  genaut/raw/aut_00568.hoa   ?  partscc               8     2  0.066s  True
  genaut/raw/aut_00572.hoa   ?  buchi                14     3  1.115s  True
  genaut/raw/aut_00575.hoa   ?  buchi                31     6  1.119s  True
  genaut/raw/aut_00580.hoa   ?  buchi                13     3  1.123s  True
  genaut/raw/aut_00583.hoa   ?  acc                   1     0  1.111s  True
  genaut/raw/aut_00584.hoa   ?  buchi                30     5  1.147s  True
  genaut/raw/aut_00588.hoa   ?  -                              0.583s  NOT_LTL
  genaut/raw/aut_00612.hoa   ?  buchi                13     3  1.118s  True
  genaut/raw/aut_00615.hoa   ?  acc                   1     0  1.112s  True
  genaut/raw/aut_00616.hoa   ?  buchi                30     5  1.119s  True
  genaut/raw/aut_00620.hoa   ?  -                              0.588s  NOT_LTL
  genaut/raw/aut_00628.hoa   ?  buchi                13     3  1.114s  True
  genaut/raw/aut_00631.hoa   ?  acc                   1     0  1.120s  True
  genaut/raw/aut_00632.hoa   ?  buchi                30     5  1.115s  True
  genaut/raw/aut_00636.hoa   ?  -                              0.585s  NOT_LTL
  genaut/raw/aut_00644.hoa   ?  -                              0.590s  NOT_LTL
  genaut/raw/aut_00647.hoa   ?  acc                   1     0  1.114s  True
  genaut/raw/aut_00648.hoa   ?  daisy2                2     1  0.065s  True
  genaut/raw/aut_00652.hoa   ?  -                              0.574s  NOT_LTL
  genaut/raw/aut_00708.hoa   ?  buchi               185    37  1.138s  UNVERIFIED_SIZE
  genaut/raw/aut_00711.hoa   ?  buchi                18     5  1.126s  True
  genaut/raw/aut_00712.hoa   ?  partscc               8     2  0.063s  True
  genaut/raw/aut_00716.hoa   ?  buchi                14     3  1.114s  True
  genaut/raw/aut_00770.hoa   ?  daisy                 5     1  0.065s  True
  genaut/raw/aut_00800.hoa   ?  partscc               9     1  0.063s  True
  genaut/raw/aut_01046.hoa   ?  acc                   1     0  1.102s  True
  genaut/raw/aut_01090.hoa   ?  -                              0.586s  NOT_LTL
  genaut/raw/aut_01120.hoa   ?  -                              0.586s  NOT_LTL
  genaut/raw/aut_01122.hoa   ?  -                              0.591s  NOT_LTL
  genaut/raw/aut_01123.hoa   ?  acc                   1     0  1.108s  True
  genaut/raw/aut_01128.hoa   ?  -                              0.582s  NOT_LTL
  genaut/raw/aut_01132.hoa   ?  daisy2                3     2  0.064s  True
  genaut/raw/aut_01154.hoa   ?  buchi               504    93  1.211s  UNVERIFIED_SIZE
  genaut/raw/aut_01155.hoa   ?  -                              0.583s  NOT_LTL
  genaut/raw/aut_01168.hoa   ?  daisy                 1     0  0.064s  True
  genaut/raw/aut_01170.hoa   ?  daisy                 1     0  0.065s  True
  genaut/raw/aut_01376.hoa   ?  daisy                 1     0  0.066s  True
  genaut/raw/aut_01556.hoa   ?  daisy2                1     0  0.064s  True
  genaut/raw/aut_01558.hoa   ?  acc                   1     0  1.107s  True
  genaut/raw/aut_01559.hoa   ?  acc                   1     0  1.113s  True
  genaut/raw/aut_01560.hoa   ?  daisy2                1     0  0.066s  True
  genaut/raw/aut_01564.hoa   ?  daisy2                1     0  0.065s  True
  genaut/raw/aut_01575.hoa   ?  acc                   1     0  1.111s  True
  genaut/raw/aut_01576.hoa   ?  buchi                31     5  1.134s  True
  genaut/raw/aut_01583.hoa   ?  daisy                 1     0  0.067s  True
  genaut/raw/aut_01588.hoa   ?  daisy2                4     2  0.065s  True
  genaut/raw/aut_01591.hoa   ?  buchi                 9     3  1.120s  True
  genaut/raw/aut_01592.hoa   ?  daisy2                4     2  0.064s  True
  genaut/raw/aut_01596.hoa   ?  buchi                31     5  1.131s  True
  genaut/raw/aut_01600.hoa   ?  -                              0.581s  NOT_LTL
  genaut/raw/aut_01603.hoa   ?  -                              0.590s  NOT_LTL
  genaut/raw/aut_01604.hoa   ?  daisy2                3     2  0.066s  True
  genaut/raw/aut_01607.hoa   ?  acc                   1     0  1.104s  True
  genaut/raw/aut_01608.hoa   ?  daisy2                3     2  0.065s  True
  genaut/raw/aut_01612.hoa   ?  -                              0.591s  NOT_LTL
  genaut/raw/aut_01635.hoa   ?  acc                   1     0  1.121s  True
  genaut/raw/aut_01639.hoa   ?  acc                   1     0  1.107s  True
  genaut/raw/aut_01648.hoa   ?  -                              0.587s  NOT_LTL
  genaut/raw/aut_01650.hoa   ?  acc                   1     0  1.110s  True
  genaut/raw/aut_01651.hoa   ?  -                              0.587s  NOT_LTL
  genaut/raw/aut_01652.hoa   ?  daisy2                1     0  0.065s  True
  genaut/raw/aut_01655.hoa   ?  acc                   1     0  1.112s  True
  genaut/raw/aut_01656.hoa   ?  daisy2                1     0  0.064s  True
  genaut/raw/aut_01660.hoa   ?  -                              0.586s  NOT_LTL
  genaut/raw/aut_01664.hoa   ?  -                              0.581s  NOT_LTL
  genaut/raw/aut_01666.hoa   ?  buchi               308    66  1.186s  True
  genaut/raw/aut_01667.hoa   ?  -                              0.590s  NOT_LTL
  genaut/raw/aut_01668.hoa   ?  -                              0.591s  NOT_LTL
  genaut/raw/aut_01671.hoa   ?  acc                   1     0  1.113s  True
  genaut/raw/aut_01672.hoa   ?  -                              0.589s  NOT_LTL
  genaut/raw/aut_01676.hoa   ?  -                              0.586s  NOT_LTL
  genaut/raw/aut_01680.hoa   ?  daisy                 1     0  0.064s  True
  genaut/raw/aut_01682.hoa   ?  daisy                 1     0  0.065s  True
  genaut/raw/aut_01683.hoa   ?  daisy                 1     0  0.064s  True
  genaut/raw/aut_01728.hoa   ?  -                              0.582s  NOT_LTL
  genaut/raw/aut_01731.hoa   ?  buchi                31     5  1.125s  True
  genaut/raw/aut_01732.hoa   ?  daisy2                6     3  0.066s  True
  genaut/raw/aut_01735.hoa   ?  buchi               507    85  1.175s  SPOT_TIMEOUT
  genaut/raw/aut_01736.hoa   ?  -                              0.583s  NOT_LTL
  genaut/raw/aut_01740.hoa   ?  buchi                15     3  1.119s  True
  genaut/raw/aut_02070.hoa   ?  buchi                24     5  1.146s  True
  genaut/raw/aut_02071.hoa   ?  acc                   1     0  1.114s  True
  genaut/raw/aut_02114.hoa   ?  buchi               200    41  1.158s  True
  genaut/raw/aut_02115.hoa   ?  -                              0.588s  NOT_LTL
  genaut/raw/aut_02144.hoa   ?  -                              0.584s  NOT_LTL
  genaut/raw/aut_02147.hoa   ?  -                              0.586s  NOT_LTL
  genaut/raw/aut_02152.hoa   ?  -                              0.581s  NOT_LTL
  genaut/raw/aut_02156.hoa   ?  -                              0.576s  NOT_LTL
  genaut/raw/aut_02160.hoa   ?  -                              0.581s  NOT_LTL
  genaut/raw/aut_02162.hoa   ?  partscc               5     1  0.065s  True
  genaut/raw/aut_02163.hoa   ?  -                              0.581s  NOT_LTL
  genaut/raw/aut_02172.hoa   ?  -                              0.599s  NOT_LTL
  genaut/raw/aut_02179.hoa   ?  -                              0.581s  NOT_LTL
  genaut/raw/aut_02192.hoa   ?  -                              0.577s  NOT_LTL
  genaut/raw/aut_02195.hoa   ?  -                              0.585s  NOT_LTL
  genaut/raw/aut_02243.hoa   ?  buchi               221    44  1.162s  True
  genaut/raw/aut_02368.hoa   ?  daisy                 1     0  0.064s  True
  genaut/raw/aut_02400.hoa   ?  daisy                 1     0  0.065s  True
  genaut/raw/aut_02402.hoa   ?  daisy                 1     0  0.064s  True
  genaut/raw/aut_02432.hoa   ?  -                              0.588s  NOT_LTL
  genaut/raw/aut_02434.hoa   ?  buchi                31     5  1.129s  True
  genaut/raw/aut_02435.hoa   ?  daisy                 1     0  0.061s  True
  genaut/raw/aut_02444.hoa   ?  daisy2                3     2  0.064s  True
  genaut/raw/aut_02656.hoa   ?  -                              0.582s  NOT_LTL
  genaut/raw/aut_08450.hoa   ?  daisy                 6     2  0.066s  True
  genaut/raw/aut_08451.hoa   ?  daisy                 4     2  0.065s  True
  genaut/raw/aut_08454.hoa   ?  daisy                 3     2  0.065s  True
  genaut/raw/aut_08455.hoa   ?  daisy+strength2       6     3  0.066s  True
  genaut/raw/aut_08480.hoa   ?  daisy2                4     1  0.065s  True
  genaut/raw/aut_08484.hoa   ?  daisy2                3     2  0.065s  True
  genaut/raw/aut_08488.hoa   ?  daisy2                4     1  0.062s  True
  genaut/raw/aut_08490.hoa   ?  daisy2                4     1  0.064s  True
  genaut/raw/aut_08496.hoa   ?  -                              0.583s  NOT_LTL
  genaut/raw/aut_08499.hoa   ?  acc                   4     0  1.111s  True
  genaut/raw/aut_08500.hoa   ?  buchi                 5     1  1.117s  True
  genaut/raw/aut_08503.hoa   ?  buchi                 5     1  1.118s  True
  genaut/raw/aut_08504.hoa   ?  -                              0.607s  NOT_LTL
  genaut/raw/aut_08508.hoa   ?  acc                   4     0  1.113s  True
  genaut/raw/aut_08511.hoa   ?  acc                   4     0  1.101s  True
  genaut/raw/aut_08516.hoa   ?  daisy2                1     0  0.065s  True
  genaut/raw/aut_08518.hoa   ?  acc                   1     0  1.122s  True
  genaut/raw/aut_08519.hoa   ?  acc                   1     0  1.107s  True
  genaut/raw/aut_08520.hoa   ?  daisy2                1     0  0.065s  True
  genaut/raw/aut_08522.hoa   ?  daisy                 1     0  0.064s  True
  genaut/raw/aut_08524.hoa   ?  daisy2                1     0  0.062s  True
  genaut/raw/aut_08527.hoa   ?  daisy                 1     0  0.061s  True
  genaut/raw/aut_08548.hoa   ?  daisy2                1     0  0.064s  True
  genaut/raw/aut_08550.hoa   ?  acc                   1     0  1.116s  True
  genaut/raw/aut_08552.hoa   ?  daisy2                1     0  0.065s  True
  genaut/raw/aut_08556.hoa   ?  daisy2                1     0  0.062s  True
  genaut/raw/aut_08564.hoa   ?  daisy2                1     0  0.062s  True
  genaut/raw/aut_08567.hoa   ?  acc                   1     0  1.113s  True
  genaut/raw/aut_08568.hoa   ?  daisy2                1     0  0.062s  True
  genaut/raw/aut_08572.hoa   ?  daisy2                1     0  0.064s  True
  genaut/raw/aut_08582.hoa   ?  buchi                 8     3  1.111s  True
  genaut/raw/aut_08583.hoa   ?  daisy                 1     0  0.066s  True
  genaut/raw/aut_08584.hoa   ?  daisy2                4     1  0.064s  True
  genaut/raw/aut_08586.hoa   ?  daisy2                4     1  0.065s  True
  genaut/raw/aut_08591.hoa   ?  daisy                 1     0  0.063s  True
  genaut/raw/aut_08644.hoa   ?  buchi                 5     1  1.130s  True
  genaut/raw/aut_08646.hoa   ?  acc                   1     0  1.107s  True
  genaut/raw/aut_08647.hoa   ?  buchi                 5     1  1.127s  True
  genaut/raw/aut_08648.hoa   ?  -                              0.590s  NOT_LTL
  genaut/raw/aut_08650.hoa   ?  daisy                 1     0  0.064s  True
  genaut/raw/aut_08652.hoa   ?  acc                   4     0  1.118s  True
  genaut/raw/aut_08707.hoa   ?  daisy+inv+scc2        6     2  0.067s  True
  genaut/raw/aut_08711.hoa   ?  daisy+strength2       7     3  0.066s  True
  genaut/raw/aut_08719.hoa   ?  daisy+inv+scc2        6     2  0.065s  True
  genaut/raw/aut_08724.hoa   ?  buchi                16     4  1.120s  True
  genaut/raw/aut_08727.hoa   ?  daisy                 1     0  0.065s  True
  genaut/raw/aut_08728.hoa   ?  partscc               5     1  0.063s  True
  genaut/raw/aut_08735.hoa   ?  daisy                 1     0  0.066s  True
  genaut/raw/aut_08739.hoa   ?  buchi               787   147  1.199s  UNVERIFIED_SIZE
  genaut/raw/aut_08740.hoa   ?  buchi               107    21  1.137s  True
  genaut/raw/aut_08743.hoa   ?  acc                   1     0  1.124s  True
  genaut/raw/aut_08748.hoa   ?  buchi               460    85  1.171s  UNVERIFIED_SIZE
  genaut/raw/aut_08751.hoa   ?  buchi               787   147  1.187s  UNVERIFIED_SIZE
  genaut/raw/aut_08772.hoa   ?  buchi                16     4  1.122s  True
  genaut/raw/aut_08775.hoa   ?  acc                   1     0  1.130s  True
  genaut/raw/aut_08776.hoa   ?  partscc               5     1  0.064s  True
  genaut/raw/aut_08783.hoa   ?  daisy                 1     0  0.061s  True
  genaut/raw/aut_08807.hoa   ?  acc                   1     0  1.102s  True
  genaut/raw/aut_08836.hoa   ?  -                              0.586s  NOT_LTL
  genaut/raw/aut_08839.hoa   ?  acc                   1     0  1.107s  True
  genaut/raw/aut_08844.hoa   ?  buchi               460    85  1.164s  UNVERIFIED_SIZE
  genaut/raw/aut_08903.hoa   ?  acc                   1     0  1.098s  True
  genaut/raw/aut_08962.hoa   ?  daisy                 6     2  0.065s  True
  genaut/raw/aut_08963.hoa   ?  daisy                 4     2  0.065s  True
  genaut/raw/aut_09008.hoa   ?  -                              0.583s  NOT_LTL
  genaut/raw/aut_09011.hoa   ?  buchi               719   142  1.181s  UNVERIFIED_SIZE
  genaut/raw/aut_09012.hoa   ?  buchi                30     7  1.105s  True
  genaut/raw/aut_09015.hoa   ?  buchi                30     7  1.115s  True
  genaut/raw/aut_09016.hoa   ?  -                              0.580s  NOT_LTL
  genaut/raw/aut_09020.hoa   ?  buchi               719   142  1.193s  UNVERIFIED_SIZE
  genaut/raw/aut_09023.hoa   ?  buchi               719   142  1.184s  UNVERIFIED_SIZE
  genaut/raw/aut_09028.hoa   ?  daisy2                1     0  0.062s  True
  genaut/raw/aut_09030.hoa   ?  acc                   1     0  1.101s  True
  genaut/raw/aut_09031.hoa   ?  acc                   1     0  1.121s  True
  genaut/raw/aut_09032.hoa   ?  daisy2                1     0  0.064s  True
  genaut/raw/aut_09034.hoa   ?  daisy                 1     0  0.064s  True
  genaut/raw/aut_09036.hoa   ?  daisy2                1     0  0.064s  True
  genaut/raw/aut_09039.hoa   ?  daisy                 1     0  0.064s  True
  genaut/raw/aut_09060.hoa   ?  daisy2                1     0  0.064s  True
  genaut/raw/aut_09062.hoa   ?  acc                   1     0  1.107s  True
  genaut/raw/aut_09064.hoa   ?  daisy2                1     0  0.061s  True
  genaut/raw/aut_09068.hoa   ?  daisy2                1     0  0.064s  True
  genaut/raw/aut_09076.hoa   ?  daisy2                1     0  0.064s  True
  genaut/raw/aut_09079.hoa   ?  acc                   1     0  1.106s  True
  genaut/raw/aut_09080.hoa   ?  daisy2                1     0  0.062s  True
  genaut/raw/aut_09084.hoa   ?  daisy2                1     0  0.061s  True
  genaut/raw/aut_09156.hoa   ?  buchi                30     7  1.111s  True
  genaut/raw/aut_09158.hoa   ?  acc                   1     0  1.108s  True
  genaut/raw/aut_09159.hoa   ?  buchi                30     7  1.114s  True
  genaut/raw/aut_09160.hoa   ?  -                              0.627s  NOT_LTL
  genaut/raw/aut_09164.hoa   ?  buchi               719   142  1.191s  UNVERIFIED_SIZE
  genaut/raw/aut_09223.hoa   ?  daisy+strength2       6     3  0.062s  True
  genaut/raw/aut_09225.hoa   ?  daisy                 1     0  0.060s  True
  genaut/raw/aut_09238.hoa   ?  acc                   1     0  1.109s  True
  genaut/raw/aut_09239.hoa   ?  acc                   1     0  1.110s  True
  genaut/raw/aut_09263.hoa   ?  daisy                 1     0  0.063s  True
  genaut/raw/aut_09271.hoa   ?  buchi                 5     1  1.110s  True
  genaut/raw/aut_09280.hoa   ?  -                              0.584s  NOT_LTL
  genaut/raw/aut_09283.hoa   ?  -                              0.583s  NOT_LTL
  genaut/raw/aut_09284.hoa   ?  daisy2                3     2  0.064s  True
  genaut/raw/aut_09287.hoa   ?  acc                   1     0  1.104s  True
  genaut/raw/aut_09288.hoa   ?  daisy2                3     2  0.061s  True
  genaut/raw/aut_09292.hoa   ?  -                              0.580s  NOT_LTL
  genaut/raw/aut_09296.hoa   ?  daisy                 1     0  0.063s  True
  genaut/raw/aut_09315.hoa   ?  acc                   1     0  1.104s  True
  genaut/raw/aut_09328.hoa   ?  -                              0.587s  NOT_LTL
  genaut/raw/aut_09330.hoa   ?  acc                   1     0  1.106s  True
  genaut/raw/aut_09331.hoa   ?  buchi               132    31  1.129s  True
  genaut/raw/aut_09332.hoa   ?  daisy2                1     0  0.065s  True
  genaut/raw/aut_09335.hoa   ?  acc                   1     0  1.103s  True
  genaut/raw/aut_09336.hoa   ?  daisy2                1     0  0.064s  True
  genaut/raw/aut_09340.hoa   ?  buchi               132    31  1.130s  True
  genaut/raw/aut_09344.hoa   ?  buchi               313    65  1.163s  True
  genaut/raw/aut_09346.hoa   ?  buchi               313    65  1.152s  True
  genaut/raw/aut_09347.hoa   ?  -                              0.580s  NOT_LTL
  genaut/raw/aut_09348.hoa   ?  buchi                53    11  1.127s  True
  genaut/raw/aut_09351.hoa   ?  acc                   1     0  1.107s  True
  genaut/raw/aut_09360.hoa   ?  daisy                 1     0  0.064s  True
  genaut/raw/aut_09362.hoa   ?  daisy                 1     0  0.064s  True
  genaut/raw/aut_09363.hoa   ?  daisy                 1     0  0.064s  True
  genaut/raw/aut_09408.hoa   ?  -                              0.587s  NOT_LTL
  genaut/raw/aut_09411.hoa   ?  -                              0.583s  NOT_LTL
  genaut/raw/aut_09412.hoa   ?  -                             15.019s  BUILD_TIMEOUT>15s
  genaut/raw/aut_09415.hoa   ?  buchi                 5     1  1.113s  True
  genaut/raw/aut_09416.hoa   ?  -                              0.584s  NOT_LTL
  genaut/raw/aut_09420.hoa   ?  -                              0.584s  NOT_LTL
  genaut/raw/aut_09456.hoa   ?  -                              0.576s  NOT_LTL
  genaut/raw/aut_09748.hoa   ?  daisy2                1     0  0.060s  True
  genaut/raw/aut_09751.hoa   ?  acc                   1     0  1.107s  True
  genaut/raw/aut_09752.hoa   ?  daisy2                1     0  0.064s  True
  genaut/raw/aut_09756.hoa   ?  daisy2                1     0  0.066s  True
  genaut/raw/aut_09767.hoa   ?  acc                   1     0  1.107s  True
  genaut/raw/aut_09780.hoa   ?  buchi                 5     1  1.112s  True
  genaut/raw/aut_09783.hoa   ?  buchi                 5     1  1.153s  True
  genaut/raw/aut_09784.hoa   ?  -                              0.585s  NOT_LTL
  genaut/raw/aut_09788.hoa   ?  acc                   4     0  1.113s  True
  genaut/raw/aut_09792.hoa   ?  -                              0.580s  NOT_LTL
  genaut/raw/aut_09795.hoa   ?  buchi               132    31  1.134s  True
  genaut/raw/aut_09796.hoa   ?  daisy2                3     2  0.066s  True
  genaut/raw/aut_09799.hoa   ?  acc                   1     0  1.102s  True
  genaut/raw/aut_09800.hoa   ?  daisy2                3     2  0.065s  True
  genaut/raw/aut_09804.hoa   ?  buchi                87    22  1.123s  True
  genaut/raw/aut_09827.hoa   ?  acc                   1     0  1.105s  True
  genaut/raw/aut_09831.hoa   ?  acc                   1     0  1.105s  True
  genaut/raw/aut_09840.hoa   ?  -                              0.580s  NOT_LTL
  genaut/raw/aut_09842.hoa   ?  acc                   1     0  1.108s  True
  genaut/raw/aut_09843.hoa   ?  buchi               132    31  1.132s  True
  genaut/raw/aut_09844.hoa   ?  daisy2                1     0  0.065s  True
  genaut/raw/aut_09847.hoa   ?  acc                   1     0  1.105s  True
  genaut/raw/aut_09848.hoa   ?  daisy2                1     0  0.064s  True
  genaut/raw/aut_09852.hoa   ?  buchi               132    31  1.130s  True
  genaut/raw/aut_09859.hoa   ?  -                              0.581s  NOT_LTL
  genaut/raw/aut_09863.hoa   ?  acc                   1     0  1.098s  True
  genaut/raw/aut_09872.hoa   ?  daisy                 1     0  0.064s  True
  genaut/raw/aut_09874.hoa   ?  daisy                 1     0  0.062s  True
  genaut/raw/aut_09875.hoa   ?  daisy                 1     0  0.060s  True
  genaut/raw/aut_09920.hoa   ?  -                              0.577s  NOT_LTL
  genaut/raw/aut_09923.hoa   ?  acc                   4     0  1.110s  True
  genaut/raw/aut_09924.hoa   ?  buchi               677   119  1.187s  UNVERIFIED_SIZE
  genaut/raw/aut_09927.hoa   ?  buchi                 5     1  1.117s  True
  genaut/raw/aut_09928.hoa   ?  -                              0.586s  NOT_LTL
  genaut/raw/aut_09932.hoa   ?  buchi               221    41  1.152s  True
  genaut/raw/aut_10036.hoa   ?  buchi                 5     1  1.112s  True
  genaut/raw/aut_10039.hoa   ?  buchi                 5     1  1.112s  True
  genaut/raw/aut_10040.hoa   ?  -                              0.583s  NOT_LTL
  genaut/raw/aut_10044.hoa   ?  acc                   4     0  1.097s  True
  genaut/raw/aut_10048.hoa   ?  daisy2                1     0  0.063s  True
  genaut/raw/aut_10050.hoa   ?  acc                   1     0  1.101s  True
  genaut/raw/aut_10051.hoa   ?  acc                   1     0  1.111s  True
  genaut/raw/aut_10052.hoa   ?  daisy2                1     0  0.066s  True
  genaut/raw/aut_10054.hoa   ?  acc                   1     0  1.106s  True
  genaut/raw/aut_10055.hoa   ?  acc                   1     0  1.105s  True
  genaut/raw/aut_10056.hoa   ?  daisy2                1     0  0.064s  True
  genaut/raw/aut_10060.hoa   ?  daisy2                1     0  0.065s  True
  genaut/raw/aut_10080.hoa   ?  daisy2                1     0  0.065s  True
  genaut/raw/aut_10082.hoa   ?  acc                   1     0  1.110s  True
  genaut/raw/aut_10084.hoa   ?  daisy2                1     0  0.064s  True
  genaut/raw/aut_10086.hoa   ?  acc                   1     0  1.103s  True
  genaut/raw/aut_10088.hoa   ?  daisy2                1     0  0.062s  True
  genaut/raw/aut_10092.hoa   ?  daisy2                1     0  0.065s  True
  genaut/raw/aut_10096.hoa   ?  daisy2                1     0  0.065s  True
  genaut/raw/aut_10099.hoa   ?  acc                   1     0  1.107s  True
  genaut/raw/aut_10100.hoa   ?  daisy2                1     0  0.067s  True
  genaut/raw/aut_10103.hoa   ?  acc                   1     0  1.111s  True
  genaut/raw/aut_10104.hoa   ?  daisy2                1     0  0.066s  True
  genaut/raw/aut_10108.hoa   ?  daisy2                1     0  0.064s  True
  genaut/raw/aut_10112.hoa   ?  daisy2                4     1  0.065s  True
  genaut/raw/aut_10114.hoa   ?  daisy2                4     1  0.064s  True
  genaut/raw/aut_10116.hoa   ?  daisy                 3     2  0.064s  True
  genaut/raw/aut_10176.hoa   ?  -                              0.584s  NOT_LTL
  genaut/raw/aut_10178.hoa   ?  acc                   1     0  1.109s  True
  genaut/raw/aut_10179.hoa   ?  -                              0.582s  NOT_LTL
  genaut/raw/aut_10180.hoa   ?  buchi                 5     1  1.120s  True
  genaut/raw/aut_10182.hoa   ?  acc                   1     0  1.098s  True
  genaut/raw/aut_10183.hoa   ?  buchi                 5     1  1.117s  True
  genaut/raw/aut_10184.hoa   ?  -                              0.579s  NOT_LTL
  genaut/raw/aut_10188.hoa   ?  buchi              5209   999  1.765s  UNVERIFIED_SIZE
  genaut/raw/aut_10246.hoa   ?  daisy+strength2       4     2  0.063s  True
  genaut/raw/aut_10249.hoa   ?  daisy                 1     0  0.064s  True
  genaut/raw/aut_10262.hoa   ?  buchi                24     5  1.127s  True
  genaut/raw/aut_10263.hoa   ?  acc                   1     0  1.110s  True
  genaut/raw/aut_10266.hoa   ?  partscc               5     1  0.066s  True
  genaut/raw/aut_10295.hoa   ?  daisy                 1     0  0.061s  True
  genaut/raw/aut_10304.hoa   ?  buchi               200    41  1.142s  True
  genaut/raw/aut_10306.hoa   ?  buchi               200    41  1.144s  True
  genaut/raw/aut_10307.hoa   ?  -                              0.580s  NOT_LTL
  genaut/raw/aut_10308.hoa   ?  -                              0.583s  NOT_LTL
  genaut/raw/aut_10311.hoa   ?  acc                   1     0  1.108s  True
  genaut/raw/aut_10320.hoa   ?  partscc               5     1  0.064s  True
  genaut/raw/aut_10339.hoa   ?  -                              0.585s  NOT_LTL
  genaut/raw/aut_10354.hoa   ?  partscc               5     1  0.065s  True
  genaut/raw/aut_10371.hoa   ?  buchi               787   147  1.185s  UNVERIFIED_SIZE
  genaut/raw/aut_10372.hoa   ?  -                              0.581s  NOT_LTL
  genaut/raw/aut_10375.hoa   ?  acc                   1     0  1.115s  True
  genaut/raw/aut_10380.hoa   ?  buchi              1704   297  1.203s  UNVERIFIED_SIZE
  genaut/raw/aut_10435.hoa   ?  -                              0.584s  NOT_LTL
  genaut/raw/aut_10439.hoa   ?  acc                   1     0  1.108s  True
  genaut/raw/aut_10562.hoa   ?  daisy                 1     0  0.066s  True
  genaut/raw/aut_10563.hoa   ?  daisy                 1     0  0.064s  True
  genaut/raw/aut_10592.hoa   ?  daisy                 1     0  0.064s  True
  genaut/raw/aut_10594.hoa   ?  daisy                 1     0  0.064s  True
  genaut/raw/aut_10608.hoa   ?  daisy                 1     0  0.064s  True
  genaut/raw/aut_10611.hoa   ?  daisy                 1     0  0.061s  True
  genaut/raw/aut_10688.hoa   ?  -                              0.581s  NOT_LTL
  genaut/raw/aut_10690.hoa   ?  daisy                 1     0  0.063s  True
  genaut/raw/aut_10691.hoa   ?  acc                   4     0  1.108s  True
  genaut/raw/aut_11273.hoa   ?  daisy                 1     0  0.065s  True
  genaut/raw/aut_11285.hoa   ?  daisy                 1     0  0.063s  True
  genaut/raw/aut_11286.hoa   ?  acc                   1     0  1.107s  True
  genaut/raw/aut_11287.hoa   ?  acc                   1     0  1.104s  True
  genaut/raw/aut_11319.hoa   ?  buchi                30     7  1.112s  True
  genaut/raw/aut_11328.hoa   ?  -                              0.582s  NOT_LTL
  genaut/raw/aut_11331.hoa   ?  -                              0.585s  NOT_LTL
  genaut/raw/aut_11332.hoa   ?  daisy2                3     2  0.066s  True
  genaut/raw/aut_11335.hoa   ?  acc                   1     0  1.131s  True
  genaut/raw/aut_11336.hoa   ?  daisy2                3     2  0.065s  True
  genaut/raw/aut_11340.hoa   ?  buchi              1028   188  1.201s  UNVERIFIED_SIZE
  genaut/raw/aut_11363.hoa   ?  daisy                 1     0  0.064s  True
  genaut/raw/aut_11376.hoa   ?  -                              0.584s  NOT_LTL
  genaut/raw/aut_11378.hoa   ?  acc                   1     0  1.109s  True
  genaut/raw/aut_11379.hoa   ?  -                              0.576s  NOT_LTL
  genaut/raw/aut_11380.hoa   ?  daisy2                1     0  0.065s  True
  genaut/raw/aut_11383.hoa   ?  acc                   1     0  1.104s  True
  genaut/raw/aut_11384.hoa   ?  daisy2                1     0  0.064s  True
  genaut/raw/aut_11388.hoa   ?  -                              0.580s  NOT_LTL
  genaut/raw/aut_11395.hoa   ?  buchi                66    11  1.122s  True
  genaut/raw/aut_11399.hoa   ?  acc                   1     0  1.108s  True
  genaut/raw/aut_11408.hoa   ?  daisy                 1     0  0.064s  True
  genaut/raw/aut_11410.hoa   ?  daisy                 1     0  0.061s  True
  genaut/raw/aut_11456.hoa   ?  -                              0.583s  NOT_LTL
  genaut/raw/aut_11459.hoa   ?  buchi               719   142  1.191s  UNVERIFIED_SIZE
  genaut/raw/aut_11460.hoa   ?  -                             15.025s  BUILD_TIMEOUT>15s
  genaut/raw/aut_11463.hoa   ?  buchi                30     7  1.115s  True
  genaut/raw/aut_11464.hoa   ?  -                              0.578s  NOT_LTL
  genaut/raw/aut_11468.hoa   ?  buchi               609   124  1.169s  UNVERIFIED_SIZE
  genaut/raw/aut_12128.hoa   ?  daisy                 1     0  0.063s  True
  genaut/raw/aut_16642.hoa   ?  daisy                 3     2  0.064s  True
  genaut/raw/aut_16646.hoa   ?  daisy                 5     3  0.063s  True
  genaut/raw/aut_16672.hoa   ?  daisy2                3     2  0.064s  True
  genaut/raw/aut_16674.hoa   ?  buchi                 8     3  1.101s  True
  genaut/raw/aut_16676.hoa   ?  daisy2                3     2  0.064s  True
  genaut/raw/aut_16678.hoa   ?  buchi                 9     3  1.107s  True
  genaut/raw/aut_16680.hoa   ?  daisy2                3     2  0.064s  True
  genaut/raw/aut_16684.hoa   ?  daisy2                3     2  0.065s  True
  genaut/raw/aut_16704.hoa   ?  daisy2                1     0  0.064s  True
  genaut/raw/aut_16706.hoa   ?  acc                   1     0  1.103s  True
  genaut/raw/aut_16736.hoa   ?  daisy2                1     0  0.063s  True
  genaut/raw/aut_16738.hoa   ?  acc                   1     0  1.109s  True
  genaut/raw/aut_16740.hoa   ?  daisy2                1     0  0.065s  True
  genaut/raw/aut_16742.hoa   ?  acc                   1     0  1.114s  True
  genaut/raw/aut_16744.hoa   ?  daisy2                1     0  0.064s  True
  genaut/raw/aut_16748.hoa   ?  daisy2                1     0  0.064s  True
  genaut/raw/aut_16768.hoa   ?  daisy2                3     2  0.065s  True
  genaut/raw/aut_16770.hoa   ?  buchi                 8     3  1.121s  True
  genaut/raw/aut_16771.hoa   ?  acc                   1     0  1.106s  True
  genaut/raw/aut_16772.hoa   ?  daisy2                3     2  0.064s  True
  genaut/raw/aut_16774.hoa   ?  buchi                 8     3  1.108s  True
  genaut/raw/aut_16897.hoa   ?  daisy                 2     1  0.065s  True
  genaut/raw/aut_16899.hoa   ?  daisy                 6     2  0.065s  True
  genaut/raw/aut_16903.hoa   ?  daisy                 6     3  0.064s  True
  genaut/raw/aut_16905.hoa   ?  daisy                 2     1  0.065s  True
  genaut/raw/aut_16912.hoa   ?  daisy2                3     2  0.065s  True
  genaut/raw/aut_16914.hoa   ?  partscc               3     2  0.065s  True
  genaut/raw/aut_16915.hoa   ?  buchi                 2     1  1.103s  True
  genaut/raw/aut_16916.hoa   ?  daisy2                3     2  0.064s  True
  genaut/raw/aut_16918.hoa   ?  buchi                 8     3  1.107s  True
  genaut/raw/aut_16919.hoa   ?  buchi                 2     1  1.112s  True
  genaut/raw/aut_16920.hoa   ?  daisy2                3     2  0.064s  True
  genaut/raw/aut_16924.hoa   ?  daisy2                3     2  0.066s  True
  genaut/raw/aut_16928.hoa   ?  daisy2                5     2  0.062s  True
  genaut/raw/aut_16930.hoa   ?  buchi                46     9  1.115s  True
  genaut/raw/aut_16931.hoa   ?  buchi                 2     1  1.127s  True
  genaut/raw/aut_16935.hoa   ?  buchi                 2     1  1.115s  True
  genaut/raw/aut_16936.hoa   ?  daisy2                5     2  0.065s  True
  genaut/raw/aut_16944.hoa   ?  daisy2                6     2  0.065s  True
  genaut/raw/aut_16947.hoa   ?  buchi               726   129  1.224s  UNVERIFIED_SIZE
  genaut/raw/aut_16948.hoa   ?  daisy2                6     3  0.065s  True
  genaut/raw/aut_16951.hoa   ?  buchi                75    12  1.116s  True
  genaut/raw/aut_16952.hoa   ?  daisy2                6     3  0.064s  True
  genaut/raw/aut_16956.hoa   ?  daisy2                6     2  0.065s  True
  genaut/raw/aut_16960.hoa   ?  daisy2                3     2  0.065s  True
  genaut/raw/aut_16963.hoa   ?  buchi                 2     1  1.106s  True
  genaut/raw/aut_16967.hoa   ?  buchi                 2     1  1.107s  True
  genaut/raw/aut_16995.hoa   ?  buchi                 2     1  1.106s  True
  genaut/raw/aut_16999.hoa   ?  buchi                 2     1  1.111s  True
  genaut/raw/aut_17008.hoa   ?  daisy2                3     2  0.065s  True
  genaut/raw/aut_17011.hoa   ?  buchi                 2     1  1.106s  True
  genaut/raw/aut_17012.hoa   ?  daisy2                3     2  0.065s  True
  genaut/raw/aut_17015.hoa   ?  buchi                 2     1  1.104s  True
  genaut/raw/aut_17016.hoa   ?  daisy2                3     2  0.062s  True
  genaut/raw/aut_17020.hoa   ?  daisy2                3     2  0.067s  True
  genaut/raw/aut_17024.hoa   ?  daisy2                5     2  0.064s  True
  genaut/raw/aut_17026.hoa   ?  -                              0.573s  NOT_LTL
  genaut/raw/aut_17027.hoa   ?  buchi                 2     1  1.110s  True
  genaut/raw/aut_17028.hoa   ?  daisy2                3     2  0.064s  True
  genaut/raw/aut_17031.hoa   ?  buchi                 2     1  1.109s  True
  genaut/raw/aut_17088.hoa   ?  daisy2                6     2  0.066s  True
  genaut/raw/aut_17091.hoa   ?  buchi               726   129  1.221s  UNVERIFIED_SIZE
  genaut/raw/aut_17092.hoa   ?  daisy2                6     3  0.064s  True
  genaut/raw/aut_17095.hoa   ?  buchi               726   129  1.219s  UNVERIFIED_SIZE
  genaut/raw/aut_17474.hoa   ?  buchi              6899  1184  1.494s  UNVERIFIED_SIZE
  genaut/raw/aut_17507.hoa   ?  acc                   1     0  1.104s  True
  genaut/raw/aut_17538.hoa   ?  -                              0.581s  NOT_LTL
  genaut/raw/aut_17539.hoa   ?  buchi             11739  1724  2.198s  UNVERIFIED_SIZE
  genaut/raw/aut_17936.hoa   ?  daisy2                1     0  0.066s  True
  genaut/raw/aut_17938.hoa   ?  acc                   1     0  1.104s  True
  genaut/raw/aut_17939.hoa   ?  acc                   1     0  1.101s  True
  genaut/raw/aut_17940.hoa   ?  daisy2                1     0  0.064s  True
  genaut/raw/aut_17943.hoa   ?  acc                   1     0  1.104s  True
  genaut/raw/aut_17944.hoa   ?  daisy2                1     0  0.066s  True
  genaut/raw/aut_17948.hoa   ?  daisy2                1     0  0.065s  True
  genaut/raw/aut_17952.hoa   ?  daisy2                3     2  0.066s  True
  genaut/raw/aut_17954.hoa   ?  buchi                 8     3  1.112s  True
  genaut/raw/aut_17955.hoa   ?  acc                   1     0  1.101s  True
  genaut/raw/aut_17959.hoa   ?  acc                   1     0  1.099s  True
  genaut/raw/aut_17960.hoa   ?  daisy2                3     2  0.064s  True
  genaut/raw/aut_17968.hoa   ?  daisy2                4     2  0.065s  True
  genaut/raw/aut_17970.hoa   ?  acc                   1     0  1.106s  True
  genaut/raw/aut_17971.hoa   ?  buchi                 8     3  1.111s  True
  genaut/raw/aut_17972.hoa   ?  daisy2                4     2  0.065s  True
  genaut/raw/aut_17975.hoa   ?  buchi                 9     3  1.105s  True
  genaut/raw/aut_17976.hoa   ?  daisy2                4     2  0.064s  True
  genaut/raw/aut_17980.hoa   ?  daisy2                4     2  0.064s  True
  genaut/raw/aut_17987.hoa   ?  acc                   1     0  1.106s  True
  genaut/raw/aut_17991.hoa   ?  acc                   1     0  1.101s  True
  genaut/raw/aut_18019.hoa   ?  acc                   1     0  1.109s  True
  genaut/raw/aut_18023.hoa   ?  acc                   1     0  1.104s  True
  genaut/raw/aut_18032.hoa   ?  daisy2                1     0  0.065s  True
  genaut/raw/aut_18034.hoa   ?  acc                   1     0  1.109s  True
  genaut/raw/aut_18035.hoa   ?  acc                   1     0  1.107s  True
  genaut/raw/aut_18036.hoa   ?  daisy2                1     0  0.065s  True
  genaut/raw/aut_18039.hoa   ?  acc                   1     0  1.105s  True
  genaut/raw/aut_18040.hoa   ?  daisy2                1     0  0.065s  True
  genaut/raw/aut_18044.hoa   ?  daisy2                1     0  0.064s  True
  genaut/raw/aut_18051.hoa   ?  acc                   1     0  1.103s  True
  genaut/raw/aut_18055.hoa   ?  acc                   1     0  1.106s  True
  genaut/raw/aut_18115.hoa   ?  buchi                 8     2  1.104s  True
  genaut/raw/aut_18119.hoa   ?  buchi                 8     2  1.111s  True
  genaut/raw/aut_18438.hoa   ?  daisy                 5     3  0.065s  True
  genaut/raw/aut_18439.hoa   ?  daisy                 6     3  0.064s  True
  genaut/raw/aut_18452.hoa   ?  daisy2                3     2  0.066s  True
  genaut/raw/aut_18454.hoa   ?  buchi               619   111  1.180s  UNVERIFIED_SIZE
  genaut/raw/aut_18455.hoa   ?  buchi                 2     1  1.106s  True
  genaut/raw/aut_18456.hoa   ?  daisy2                3     2  0.065s  True
  genaut/raw/aut_18460.hoa   ?  daisy2                3     2  0.064s  True
  genaut/raw/aut_18468.hoa   ?  daisy2                3     2  0.065s  True
  genaut/raw/aut_18476.hoa   ?  daisy2                3     2  0.062s  True
  genaut/raw/aut_18484.hoa   ?  daisy2                6     3  0.064s  True
  genaut/raw/aut_18488.hoa   ?  daisy2                6     3  0.064s  True
  genaut/raw/aut_18492.hoa   ?  daisy2                6     2  0.065s  True
  genaut/raw/aut_18498.hoa   ?  buchi                46     9  1.114s  True
  genaut/raw/aut_18499.hoa   ?  -                             15.022s  BUILD_TIMEOUT>15s
  genaut/raw/aut_18531.hoa   ?  buchi                 2     1  1.137s  True
  genaut/raw/aut_18536.hoa   ?  daisy2                5     2  0.064s  True
  genaut/raw/aut_18546.hoa   ?  daisy                 3     2  0.064s  True
  genaut/raw/aut_18562.hoa   ?  -                              0.585s  NOT_LTL
  genaut/raw/aut_18563.hoa   ?  -                             15.024s  BUILD_TIMEOUT>15s
  genaut/raw/aut_18627.hoa   ?  -                              0.583s  NOT_LTL
  genaut/raw/aut_24834.hoa   ?  daisy                 3     2  0.064s  True
  genaut/raw/aut_24835.hoa   ?  daisy+strength2       1     0  0.066s  True
  genaut/raw/aut_24838.hoa   ?  daisy                 3     2  0.063s  True
  genaut/raw/aut_24839.hoa   ?  daisy                 1     0  0.066s  True
  genaut/raw/aut_24864.hoa   ?  daisy2                3     2  0.065s  True
  genaut/raw/aut_24868.hoa   ?  daisy2                3     2  0.064s  True
  genaut/raw/aut_24880.hoa   ?  daisy2                1     0  0.065s  True
  genaut/raw/aut_24883.hoa   ?  acc                   1     0  1.097s  True
  genaut/raw/aut_24884.hoa   ?  daisy2                1     0  0.061s  True
  genaut/raw/aut_24887.hoa   ?  acc                   1     0  1.104s  True
  genaut/raw/aut_24888.hoa   ?  daisy2                1     0  0.064s  True
  genaut/raw/aut_24892.hoa   ?  daisy2                1     0  0.064s  True
  genaut/raw/aut_24896.hoa   ?  daisy2                1     0  0.064s  True
  genaut/raw/aut_24898.hoa   ?  acc                   1     0  1.106s  True
  genaut/raw/aut_24899.hoa   ?  acc                   1     0  1.112s  True
  genaut/raw/aut_24928.hoa   ?  daisy2                1     0  0.065s  True
  genaut/raw/aut_24944.hoa   ?  daisy2                1     0  0.065s  True
  genaut/raw/aut_24947.hoa   ?  acc                   1     0  1.100s  True
  genaut/raw/aut_24948.hoa   ?  daisy2                1     0  0.064s  True
  genaut/raw/aut_24951.hoa   ?  acc                   1     0  1.108s  True
  genaut/raw/aut_24952.hoa   ?  daisy2                1     0  0.065s  True
  genaut/raw/aut_24956.hoa   ?  daisy2                1     0  0.064s  True
  genaut/raw/aut_24960.hoa   ?  daisy2                3     2  0.062s  True
  genaut/raw/aut_24962.hoa   ?  buchi                 8     3  1.108s  True
  genaut/raw/aut_24963.hoa   ?  acc                   1     0  1.108s  True
  genaut/raw/aut_24964.hoa   ?  daisy2                3     2  0.064s  True
  genaut/raw/aut_24966.hoa   ?  buchi                 8     3  1.131s  True
  genaut/raw/aut_25024.hoa   ?  daisy2                1     0  0.065s  True
  genaut/raw/aut_25026.hoa   ?  acc                   1     0  1.101s  True
  genaut/raw/aut_25027.hoa   ?  acc                   1     0  1.109s  True
  genaut/raw/aut_25028.hoa   ?  daisy2                1     0  0.066s  True
  genaut/raw/aut_25031.hoa   ?  acc                   1     0  1.098s  True
  genaut/raw/aut_25091.hoa   ?  daisy+strength2       9     4  0.063s  True
  genaut/raw/aut_25095.hoa   ?  daisy                 9     5  0.067s  True
  genaut/raw/aut_25104.hoa   ?  daisy2                3     2  0.064s  True
  genaut/raw/aut_25107.hoa   ?  buchi                 2     1  1.111s  True
  genaut/raw/aut_25108.hoa   ?  daisy2                3     2  0.065s  True
  genaut/raw/aut_25123.hoa   ?  buchi                 2     1  1.109s  True
  genaut/raw/aut_25127.hoa   ?  buchi                 2     1  1.109s  True
  genaut/raw/aut_25155.hoa   ?  buchi                 2     1  1.114s  True
  genaut/raw/aut_25159.hoa   ?  buchi                 2     1  1.107s  True
  genaut/raw/aut_25187.hoa   ?  buchi                 2     1  1.105s  True
  genaut/raw/aut_25191.hoa   ?  buchi                 2     1  1.107s  True
  genaut/raw/aut_25219.hoa   ?  buchi                 2     1  1.110s  True
  genaut/raw/aut_25223.hoa   ?  buchi                 2     1  1.117s  True
  genaut/raw/aut_25283.hoa   ?  buchi                 2     1  1.133s  True
  genaut/raw/aut_25287.hoa   ?  buchi                 2     1  1.107s  True
  genaut/raw/aut_25392.hoa   ?  daisy2                1     0  0.063s  True
  genaut/raw/aut_25395.hoa   ?  acc                   1     0  1.104s  True
  genaut/raw/aut_25396.hoa   ?  daisy2                1     0  0.067s  True
  genaut/raw/aut_25399.hoa   ?  acc                   1     0  1.106s  True
  genaut/raw/aut_25400.hoa   ?  daisy2                1     0  0.065s  True
  genaut/raw/aut_25404.hoa   ?  daisy2                1     0  0.064s  True
  genaut/raw/aut_25456.hoa   ?  daisy2                1     0  0.064s  True
  genaut/raw/aut_25459.hoa   ?  acc                   1     0  1.111s  True
  genaut/raw/aut_25460.hoa   ?  daisy2                1     0  0.065s  True
  genaut/raw/aut_25463.hoa   ?  acc                   1     0  1.102s  True
  genaut/raw/aut_25464.hoa   ?  daisy2                1     0  0.065s  True
  genaut/raw/aut_25468.hoa   ?  daisy2                1     0  0.066s  True
  genaut/raw/aut_25616.hoa   ?  daisy2                1     0  0.065s  True
  genaut/raw/aut_25618.hoa   ?  acc                   1     0  1.110s  True
  genaut/raw/aut_25619.hoa   ?  acc                   1     0  1.110s  True
  genaut/raw/aut_25635.hoa   ?  acc                   1     0  1.110s  True
  genaut/raw/aut_25667.hoa   ?  acc                   1     0  1.104s  True
  genaut/raw/aut_25671.hoa   ?  acc                   1     0  1.106s  True
  genaut/raw/aut_25699.hoa   ?  acc                   1     0  1.108s  True
  genaut/raw/aut_25731.hoa   ?  acc                   1     0  1.110s  True
  genaut/raw/aut_25735.hoa   ?  acc                   1     0  1.106s  True
  genaut/raw/aut_25795.hoa   ?  acc                   1     0  1.110s  True
  genaut/raw/aut_25799.hoa   ?  acc                   1     0  1.095s  True
  genaut/raw/aut_26128.hoa   ?  daisy2                1     0  0.065s  True
  genaut/raw/aut_26131.hoa   ?  acc                   1     0  1.105s  True
  genaut/raw/aut_26147.hoa   ?  acc                   1     0  1.107s  True
  genaut/raw/aut_26151.hoa   ?  acc                   1     0  1.107s  True
  genaut/raw/aut_26179.hoa   ?  acc                   1     0  1.124s  True
  genaut/raw/aut_26183.hoa   ?  acc                   1     0  1.110s  True
  genaut/raw/aut_26211.hoa   ?  acc                   1     0  1.110s  True
  genaut/raw/aut_26215.hoa   ?  acc                   1     0  1.105s  True
  genaut/raw/aut_26243.hoa   ?  acc                   1     0  1.108s  True
  genaut/raw/aut_26247.hoa   ?  acc                   1     0  1.111s  True
  genaut/raw/aut_26307.hoa   ?  acc                   1     0  1.101s  True
  genaut/raw/aut_26311.hoa   ?  acc                   1     0  1.106s  True
  genaut/raw/aut_26416.hoa   ?  daisy2                1     0  0.064s  True
  genaut/raw/aut_26419.hoa   ?  acc                   1     0  1.096s  True
  genaut/raw/aut_26420.hoa   ?  daisy2                1     0  0.065s  True
  genaut/raw/aut_26423.hoa   ?  acc                   1     0  1.105s  True
  genaut/raw/aut_26424.hoa   ?  daisy2                1     0  0.064s  True
  genaut/raw/aut_26428.hoa   ?  daisy2                1     0  0.065s  True
  genaut/raw/aut_26480.hoa   ?  daisy2                1     0  0.061s  True
  genaut/raw/aut_26483.hoa   ?  acc                   1     0  1.111s  True
  genaut/raw/aut_26484.hoa   ?  daisy2                1     0  0.064s  True
  genaut/raw/aut_26487.hoa   ?  acc                   1     0  1.115s  True
  genaut/raw/aut_26488.hoa   ?  daisy2                1     0  0.065s  True
  genaut/raw/aut_26492.hoa   ?  daisy2                1     0  0.064s  True
  genaut/raw/aut_26625.hoa   ?  daisy+strength2       2     1  0.064s  True
  genaut/raw/aut_26640.hoa   ?  daisy2                3     2  0.062s  True
  genaut/raw/aut_26642.hoa   ?  buchi                 8     3  1.102s  True
  genaut/raw/aut_26643.hoa   ?  buchi                 2     1  1.092s  True
  genaut/raw/aut_26644.hoa   ?  daisy2                3     2  0.065s  True
  genaut/raw/aut_26646.hoa   ?  buchi               619   111  1.184s  UNVERIFIED_SIZE
  genaut/raw/aut_26647.hoa   ?  buchi                 2     1  1.099s  True
  genaut/raw/aut_26659.hoa   ?  buchi                 2     1  1.107s  True
  genaut/raw/aut_26691.hoa   ?  buchi                 2     1  1.105s  True
  genaut/raw/aut_26695.hoa   ?  buchi                 2     1  1.106s  True
  genaut/raw/aut_26723.hoa   ?  buchi                 2     1  1.127s  True
  genaut/raw/aut_26755.hoa   ?  buchi                 2     1  1.108s  True
  genaut/raw/aut_26759.hoa   ?  buchi                 2     1  1.104s  True
  genaut/raw/aut_26819.hoa   ?  buchi                 2     1  1.104s  True
  genaut/raw/aut_26823.hoa   ?  buchi                 2     1  1.105s  True
  genaut/raw/aut_27664.hoa   ?  daisy2                1     0  0.064s  True
  genaut/raw/aut_27666.hoa   ?  acc                   1     0  1.103s  True
  genaut/raw/aut_27672.hoa   ?  daisy2                1     0  0.064s  True
  genaut/raw/aut_27699.hoa   ?  acc                   1     0  1.107s  True
  genaut/raw/aut_27703.hoa   ?  acc                   1     0  1.109s  True
  genaut/raw/aut_27715.hoa   ?  acc                   1     0  1.106s  True
  genaut/raw/aut_27719.hoa   ?  acc                   1     0  1.109s  True
  genaut/raw/aut_27779.hoa   ?  acc                   1     0  1.108s  True
  genaut/raw/aut_27783.hoa   ?  acc                   1     0  1.111s  True
  genaut/raw/aut_27843.hoa   ?  acc                   1     0  1.109s  True
  genaut/raw/aut_27847.hoa   ?  acc                   1     0  1.102s  True
  genaut/raw/aut_33027.hoa   ?  daisy                 4     2  0.064s  True
  genaut/raw/aut_33030.hoa   ?  daisy                 3     2  0.065s  True
  genaut/raw/aut_33031.hoa   ?  daisy                 4     2  0.064s  True
  genaut/raw/aut_33056.hoa   ?  daisy2                4     1  0.064s  True
  genaut/raw/aut_33058.hoa   ?  buchi                32     8  1.117s  True
  genaut/raw/aut_33060.hoa   ?  daisy2                3     2  0.065s  True
  genaut/raw/aut_33062.hoa   ?  buchi                 8     3  1.107s  True
  genaut/raw/aut_33064.hoa   ?  daisy2                4     1  0.065s  True
  genaut/raw/aut_33068.hoa   ?  daisy2                3     2  0.065s  True
  genaut/raw/aut_33072.hoa   ?  -                              0.585s  NOT_LTL
  genaut/raw/aut_33075.hoa   ?  buchi               105    17  1.139s  True
  genaut/raw/aut_33076.hoa   ?  daisy2                4     2  0.065s  True
  genaut/raw/aut_33079.hoa   ?  buchi                 9     3  1.112s  True
  genaut/raw/aut_33080.hoa   ?  daisy2                4     2  0.065s  True
  genaut/raw/aut_33084.hoa   ?  buchi               105    17  1.142s  True
  genaut/raw/aut_33088.hoa   ?  daisy2                1     0  0.062s  True
  genaut/raw/aut_33090.hoa   ?  acc                   1     0  1.107s  True
  genaut/raw/aut_33091.hoa   ?  acc                   1     0  1.105s  True
  genaut/raw/aut_33092.hoa   ?  daisy2                1     0  0.066s  True
  genaut/raw/aut_33094.hoa   ?  acc                   1     0  1.111s  True
  genaut/raw/aut_33095.hoa   ?  acc                   1     0  1.110s  True
  genaut/raw/aut_33096.hoa   ?  daisy2                1     0  0.066s  True
  genaut/raw/aut_33100.hoa   ?  daisy2                1     0  0.065s  True
  genaut/raw/aut_33120.hoa   ?  daisy2                1     0  0.063s  True
  genaut/raw/aut_33122.hoa   ?  acc                   1     0  1.106s  True
  genaut/raw/aut_33124.hoa   ?  daisy2                1     0  0.065s  True
  genaut/raw/aut_33126.hoa   ?  acc                   1     0  1.106s  True
  genaut/raw/aut_33128.hoa   ?  daisy2                1     0  0.066s  True
  genaut/raw/aut_33132.hoa   ?  daisy2                1     0  0.065s  True
  genaut/raw/aut_33136.hoa   ?  daisy2                1     0  0.065s  True
  genaut/raw/aut_33139.hoa   ?  acc                   1     0  1.110s  True
  genaut/raw/aut_33140.hoa   ?  daisy2                1     0  0.061s  True
  genaut/raw/aut_33143.hoa   ?  acc                   1     0  1.106s  True
  genaut/raw/aut_33144.hoa   ?  daisy2                1     0  0.066s  True
  genaut/raw/aut_33148.hoa   ?  daisy2                1     0  0.064s  True
  genaut/raw/aut_33152.hoa   ?  daisy2                4     1  0.066s  True
  genaut/raw/aut_33154.hoa   ?  buchi                32     8  1.114s  True
  genaut/raw/aut_33155.hoa   ?  acc                   1     0  1.105s  True
  genaut/raw/aut_33156.hoa   ?  daisy2                3     2  0.064s  True
  genaut/raw/aut_33158.hoa   ?  buchi                64    13  1.139s  True
  genaut/raw/aut_33216.hoa   ?  -                              0.582s  NOT_LTL
  genaut/raw/aut_33218.hoa   ?  acc                   1     0  1.109s  True
  genaut/raw/aut_33219.hoa   ?  buchi               105    17  1.139s  True
  genaut/raw/aut_33220.hoa   ?  daisy2                4     2  0.063s  True
  genaut/raw/aut_33222.hoa   ?  acc                   1     0  1.103s  True
  genaut/raw/aut_33223.hoa   ?  buchi                19     4  1.121s  True
  genaut/raw/aut_33224.hoa   ?  daisy2                4     2  0.065s  True
  genaut/raw/aut_33228.hoa   ?  buchi               276    58  1.171s  True
  genaut/raw/aut_33283.hoa   ?  daisy                 6     2  0.063s  True
  genaut/raw/aut_33287.hoa   ?  daisy                 5     2  0.066s  True
  genaut/raw/aut_33296.hoa   ?  buchi                30     5  1.117s  True
  genaut/raw/aut_33298.hoa   ?  partscc               5     1  0.067s  True
  genaut/raw/aut_33299.hoa   ?  acc                   1     0  1.124s  True
  genaut/raw/aut_33300.hoa   ?  buchi                16     4  1.115s  True
  genaut/raw/aut_33303.hoa   ?  acc                   1     0  1.118s  True
  genaut/raw/aut_33304.hoa   ?  buchi                30     5  1.116s  True
  genaut/raw/aut_33308.hoa   ?  buchi                16     4  1.120s  True
  genaut/raw/aut_33315.hoa   ?  buchi               787   147  1.190s  UNVERIFIED_SIZE
  genaut/raw/aut_33316.hoa   ?  buchi               184    35  1.136s  True
  genaut/raw/aut_33319.hoa   ?  acc                   1     0  1.112s  True
  genaut/raw/aut_33324.hoa   ?  buchi               460    85  1.169s  UNVERIFIED_SIZE
  genaut/raw/aut_33328.hoa   ?  buchi                14     3  1.116s  True
  genaut/raw/aut_33331.hoa   ?  buchi                24     5  1.128s  True
  genaut/raw/aut_33332.hoa   ?  buchi              4346   738  1.456s  UNVERIFIED_SIZE
  genaut/raw/aut_33335.hoa   ?  buchi                18     5  1.118s  True
  genaut/raw/aut_33336.hoa   ?  buchi                14     3  1.113s  True
  genaut/raw/aut_33340.hoa   ?  buchi               159    27  1.149s  True
  genaut/raw/aut_33344.hoa   ?  buchi                30     5  1.116s  True
  genaut/raw/aut_33346.hoa   ?  partscc               5     1  0.065s  True
  genaut/raw/aut_33347.hoa   ?  acc                   1     0  1.104s  True
  genaut/raw/aut_33348.hoa   ?  buchi              5161   876  1.550s  UNVERIFIED_SIZE
  genaut/raw/aut_33351.hoa   ?  acc                   1     0  1.144s  True
  genaut/raw/aut_33352.hoa   ?  buchi                30     5  1.116s  True
  genaut/raw/aut_33356.hoa   ?  buchi              5161   876  1.549s  UNVERIFIED_SIZE
  genaut/raw/aut_33376.hoa   ?  buchi                30     5  1.122s  True
  genaut/raw/aut_33379.hoa   ?  acc                   1     0  1.107s  True
  genaut/raw/aut_33380.hoa   ?  buchi                16     4  1.117s  True
  genaut/raw/aut_33383.hoa   ?  acc                   1     0  1.110s  True
  genaut/raw/aut_33384.hoa   ?  buchi                30     5  1.120s  True
  genaut/raw/aut_33388.hoa   ?  buchi                16     4  1.118s  True
  genaut/raw/aut_33392.hoa   ?  buchi                30     5  1.116s  True
  genaut/raw/aut_33395.hoa   ?  acc                   1     0  1.110s  True
  genaut/raw/aut_33396.hoa   ?  buchi                16     4  1.113s  True
  genaut/raw/aut_33399.hoa   ?  acc                   1     0  1.113s  True
  genaut/raw/aut_33400.hoa   ?  buchi                30     5  1.120s  True
  genaut/raw/aut_33404.hoa   ?  buchi                16     4  1.110s  True
  genaut/raw/aut_33408.hoa   ?  daisy2                2     1  0.066s  True
  genaut/raw/aut_33411.hoa   ?  buchi               787   147  1.184s  UNVERIFIED_SIZE
  genaut/raw/aut_33412.hoa   ?  -                              0.583s  NOT_LTL
  genaut/raw/aut_33415.hoa   ?  acc                   1     0  1.113s  True
  genaut/raw/aut_33420.hoa   ?  buchi             35791  5941  2.960s  UNVERIFIED_SIZE
  genaut/raw/aut_33472.hoa   ?  buchi                14     3  1.113s  True
  genaut/raw/aut_33475.hoa   ?  buchi                24     5  1.132s  True
  genaut/raw/aut_33476.hoa   ?  buchi               185    37  1.137s  UNVERIFIED_SIZE
  genaut/raw/aut_33479.hoa   ?  buchi                24     5  1.129s  True
  genaut/raw/aut_33480.hoa   ?  buchi                14     3  1.114s  True
  genaut/raw/aut_33484.hoa   ?  buchi               185    37  1.135s  UNVERIFIED_SIZE
  genaut/raw/aut_33538.hoa   ?  daisy                 6     2  0.064s  True
  genaut/raw/aut_33552.hoa   ?  daisy2                4     2  0.064s  True
  genaut/raw/aut_33554.hoa   ?  -                              0.583s  NOT_LTL
  genaut/raw/aut_33556.hoa   ?  daisy2                4     2  0.065s  True
  genaut/raw/aut_33558.hoa   ?  buchi                 3     1  1.105s  True
  genaut/raw/aut_33560.hoa   ?  daisy2                4     2  0.063s  True
  genaut/raw/aut_33564.hoa   ?  daisy2                4     2  0.064s  True
  genaut/raw/aut_33568.hoa   ?  daisy2                8     2  0.063s  True
  genaut/raw/aut_33570.hoa   ?  buchi               194    37  1.171s  True
  genaut/raw/aut_33572.hoa   ?  daisy2                6     3  0.066s  True
  genaut/raw/aut_33574.hoa   ?  buchi                72    14  1.126s  True
  genaut/raw/aut_33576.hoa   ?  daisy2                8     2  0.065s  True
  genaut/raw/aut_33580.hoa   ?  daisy2                6     3  0.066s  True
  genaut/raw/aut_33584.hoa   ?  -                              0.581s  NOT_LTL
  genaut/raw/aut_33586.hoa   ?  -                              0.583s  NOT_LTL
  genaut/raw/aut_33587.hoa   ?  buchi               424    83  1.158s  UNVERIFIED_SIZE
  genaut/raw/aut_33590.hoa   ?  buchi                 3     1  1.108s  True
  genaut/raw/aut_33596.hoa   ?  buchi               424    83  1.165s  UNVERIFIED_SIZE
  genaut/raw/aut_33600.hoa   ?  daisy2                4     2  0.064s  True
  genaut/raw/aut_33602.hoa   ?  -                              0.580s  NOT_LTL
  genaut/raw/aut_33604.hoa   ?  daisy2                4     2  0.064s  True
  genaut/raw/aut_33606.hoa   ?  buchi                 3     1  1.104s  True
  genaut/raw/aut_33608.hoa   ?  daisy2                4     2  0.065s  True
  genaut/raw/aut_33612.hoa   ?  daisy2                4     2  0.061s  True
  genaut/raw/aut_33632.hoa   ?  daisy2                4     2  0.064s  True
  genaut/raw/aut_33634.hoa   ?  -                              0.584s  NOT_LTL
  genaut/raw/aut_33636.hoa   ?  daisy2                4     2  0.064s  True
  genaut/raw/aut_33638.hoa   ?  buchi                 3     1  1.108s  True
  genaut/raw/aut_33640.hoa   ?  daisy2                4     2  0.062s  True
  genaut/raw/aut_33644.hoa   ?  daisy2                4     2  0.066s  True
  genaut/raw/aut_33650.hoa   ?  -                              0.585s  NOT_LTL
  genaut/raw/aut_33654.hoa   ?  buchi                 3     1  1.130s  True
  genaut/raw/aut_33664.hoa   ?  daisy2                8     2  0.065s  True
  genaut/raw/aut_33666.hoa   ?  buchi               194    37  1.145s  True
  genaut/raw/aut_33668.hoa   ?  daisy2                6     3  0.066s  True
  genaut/raw/aut_33670.hoa   ?  buchi               362    63  1.155s  UNVERIFIED_SIZE
  genaut/raw/aut_33728.hoa   ?  -                              0.580s  NOT_LTL
  genaut/raw/aut_33730.hoa   ?  -                              0.586s  NOT_LTL
  genaut/raw/aut_33731.hoa   ?  buchi               424    83  1.161s  UNVERIFIED_SIZE
  genaut/raw/aut_33732.hoa   ?  daisy2                4     2  0.066s  True
  genaut/raw/aut_33734.hoa   ?  buchi                 3     1  1.106s  True
  genaut/raw/aut_33736.hoa   ?  daisy2                4     2  0.064s  True
  genaut/raw/aut_33740.hoa   ?  buchi              4273   741  1.366s  UNVERIFIED_SIZE
  genaut/raw/aut_33816.hoa   ?  daisy2                1     0  0.064s  True
  genaut/raw/aut_33820.hoa   ?  daisy2                1     0  0.064s  True
  genaut/raw/aut_33832.hoa   ?  daisy2                4     1  0.066s  True
  genaut/raw/aut_33836.hoa   ?  daisy2                3     2  0.065s  True
  genaut/raw/aut_33848.hoa   ?  daisy2                4     2  0.066s  True
  genaut/raw/aut_33852.hoa   ?  buchi             47258  8754  3.056s  UNVERIFIED_SIZE
  genaut/raw/aut_33858.hoa   ?  buchi              4540   808  1.498s  UNVERIFIED_SIZE
  genaut/raw/aut_33859.hoa   ?  -                              0.580s  NOT_LTL
  genaut/raw/aut_33888.hoa   ?  daisy2                3     2  0.065s  True
  genaut/raw/aut_33890.hoa   ?  buchi              1187   194  1.239s  UNVERIFIED_SIZE
  genaut/raw/aut_33891.hoa   ?  acc                   1     0  1.110s  True
  genaut/raw/aut_33896.hoa   ?  daisy2                3     2  0.064s  True
  genaut/raw/aut_33900.hoa   ?  daisy2                3     2  0.066s  True
  genaut/raw/aut_33904.hoa   ?  -                              0.584s  NOT_LTL
  genaut/raw/aut_33906.hoa   ?  acc                   1     0  1.106s  True
  genaut/raw/aut_33907.hoa   ?  buchi                86    22  1.121s  True
  genaut/raw/aut_33912.hoa   ?  daisy2                4     2  0.065s  True
  genaut/raw/aut_33916.hoa   ?  -                             15.024s  BUILD_TIMEOUT>15s
  genaut/raw/aut_33922.hoa   ?  buchi               428    85  1.151s  UNVERIFIED_SIZE
  genaut/raw/aut_33923.hoa   ?  buchi              1097   199  1.200s  UNVERIFIED_SIZE
  genaut/raw/aut_33986.hoa   ?  -                             15.026s  BUILD_TIMEOUT>15s
  genaut/raw/aut_33987.hoa   ?  -                              0.583s  NOT_LTL
  genaut/raw/aut_34320.hoa   ?  daisy2                1     0  0.064s  True
  genaut/raw/aut_34322.hoa   ?  acc                   1     0  1.104s  True
  genaut/raw/aut_34323.hoa   ?  acc                   1     0  1.106s  True
  genaut/raw/aut_34324.hoa   ?  daisy2                1     0  0.061s  True
  genaut/raw/aut_34327.hoa   ?  acc                   1     0  1.107s  True
  genaut/raw/aut_34328.hoa   ?  daisy2                1     0  0.066s  True
  genaut/raw/aut_34332.hoa   ?  daisy2                1     0  0.065s  True
  genaut/raw/aut_34336.hoa   ?  daisy2                4     1  0.065s  True
  genaut/raw/aut_34338.hoa   ?  buchi                32     8  1.109s  True
  genaut/raw/aut_34339.hoa   ?  acc                   1     0  1.103s  True
  genaut/raw/aut_34343.hoa   ?  acc                   1     0  1.113s  True
  genaut/raw/aut_34344.hoa   ?  daisy2                4     1  0.065s  True
  genaut/raw/aut_34352.hoa   ?  -                              0.584s  NOT_LTL
  genaut/raw/aut_34354.hoa   ?  acc                   1     0  1.109s  True
  genaut/raw/aut_34355.hoa   ?  buchi               105    17  1.136s  True
  genaut/raw/aut_34356.hoa   ?  daisy2                4     2  0.065s  True
  genaut/raw/aut_34359.hoa   ?  buchi                 9     3  1.113s  True
  genaut/raw/aut_34360.hoa   ?  daisy2                4     2  0.065s  True
  genaut/raw/aut_34364.hoa   ?  buchi               238    43  1.147s  True
  genaut/raw/aut_34368.hoa   ?  -                              0.582s  NOT_LTL
  genaut/raw/aut_34371.hoa   ?  buchi               132    31  1.129s  True
  genaut/raw/aut_34372.hoa   ?  daisy2                3     2  0.065s  True
  genaut/raw/aut_34375.hoa   ?  acc                   1     0  1.108s  True
  genaut/raw/aut_34376.hoa   ?  daisy2                3     2  0.065s  True
  genaut/raw/aut_34380.hoa   ?  -                             15.023s  BUILD_TIMEOUT>15s
  genaut/raw/aut_34403.hoa   ?  acc                   1     0  1.111s  True
  genaut/raw/aut_34407.hoa   ?  acc                   1     0  1.099s  True
  genaut/raw/aut_34416.hoa   ?  -                              0.579s  NOT_LTL
  genaut/raw/aut_34418.hoa   ?  acc                   1     0  1.109s  True
  genaut/raw/aut_34419.hoa   ?  buchi               132    31  1.118s  True
  genaut/raw/aut_34420.hoa   ?  daisy2                1     0  0.065s  True
  genaut/raw/aut_34423.hoa   ?  acc                   1     0  1.130s  True
  genaut/raw/aut_34424.hoa   ?  daisy2                1     0  0.065s  True
  genaut/raw/aut_34428.hoa   ?  buchi               132    31  1.129s  True
  genaut/raw/aut_34432.hoa   ?  -                              0.581s  NOT_LTL
  genaut/raw/aut_34434.hoa   ?  buchi               301    57  1.148s  UNVERIFIED_SIZE
  genaut/raw/aut_34435.hoa   ?  -                              0.585s  NOT_LTL
  genaut/raw/aut_34436.hoa   ?  -                              0.583s  NOT_LTL
  genaut/raw/aut_34439.hoa   ?  acc                   1     0  1.112s  True
  genaut/raw/aut_34496.hoa   ?  -                              0.595s  NOT_LTL
  genaut/raw/aut_34499.hoa   ?  buchi                81     9  1.164s  True
  genaut/raw/aut_34500.hoa   ?  daisy2                6     3  0.066s  True
  genaut/raw/aut_34503.hoa   ?  buchi              1280   222  1.298s  UNVERIFIED_SIZE
  genaut/raw/aut_34504.hoa   ?  -                              0.582s  NOT_LTL
  genaut/raw/aut_34508.hoa   ?  buchi               207    38  1.139s  True
  genaut/raw/aut_34576.hoa   ?  daisy2                1     0  0.065s  True
  genaut/raw/aut_34578.hoa   ?  acc                   1     0  1.107s  True
  genaut/raw/aut_34579.hoa   ?  acc                   1     0  1.106s  True
  genaut/raw/aut_34580.hoa   ?  daisy2                1     0  0.065s  True
  genaut/raw/aut_34582.hoa   ?  acc                   1     0  1.104s  True
  genaut/raw/aut_34584.hoa   ?  daisy2                1     0  0.061s  True
  genaut/raw/aut_34588.hoa   ?  daisy2                1     0  0.062s  True
  genaut/raw/aut_34592.hoa   ?  daisy2                4     1  0.065s  True
  genaut/raw/aut_34594.hoa   ?  buchi                32     8  1.119s  True
  genaut/raw/aut_34595.hoa   ?  acc                   1     0  1.100s  True
  genaut/raw/aut_34596.hoa   ?  daisy2                3     2  0.066s  True
  genaut/raw/aut_34598.hoa   ?  buchi                 8     3  1.111s  True
  genaut/raw/aut_34600.hoa   ?  daisy2                4     1  0.066s  True
  genaut/raw/aut_34604.hoa   ?  daisy2                3     2  0.066s  True
  genaut/raw/aut_34608.hoa   ?  -                              0.585s  NOT_LTL
  genaut/raw/aut_34610.hoa   ?  acc                   1     0  1.098s  True
  genaut/raw/aut_34611.hoa   ?  buchi               105    17  1.133s  True
  genaut/raw/aut_34614.hoa   ?  acc                   1     0  1.146s  True
  genaut/raw/aut_34620.hoa   ?  buchi               105    17  1.145s  True
  genaut/raw/aut_34624.hoa   ?  daisy2                4     2  0.066s  True
  genaut/raw/aut_34626.hoa   ?  acc                   1     0  1.107s  True
  genaut/raw/aut_34628.hoa   ?  daisy2                4     2  0.063s  True
  genaut/raw/aut_34630.hoa   ?  acc                   1     0  1.103s  True
  genaut/raw/aut_34632.hoa   ?  daisy2                4     2  0.064s  True
  genaut/raw/aut_34636.hoa   ?  daisy2                4     2  0.062s  True
  genaut/raw/aut_34656.hoa   ?  daisy2                1     0  0.066s  True
  genaut/raw/aut_34658.hoa   ?  acc                   1     0  1.102s  True
  genaut/raw/aut_34659.hoa   ?  acc                   1     0  1.111s  True
  genaut/raw/aut_34660.hoa   ?  daisy2                1     0  0.064s  True
  genaut/raw/aut_34662.hoa   ?  acc                   1     0  1.112s  True
  genaut/raw/aut_34664.hoa   ?  daisy2                1     0  0.065s  True
  genaut/raw/aut_34668.hoa   ?  daisy2                1     0  0.063s  True
  genaut/raw/aut_34674.hoa   ?  acc                   1     0  1.112s  True
  genaut/raw/aut_34678.hoa   ?  acc                   1     0  1.106s  True
  genaut/raw/aut_34690.hoa   ?  buchi                32     8  1.115s  True
  genaut/raw/aut_34694.hoa   ?  buchi                 8     3  1.111s  True
  genaut/raw/aut_34752.hoa   ?  -                              0.587s  NOT_LTL
  genaut/raw/aut_34754.hoa   ?  acc                   1     0  1.103s  True
  genaut/raw/aut_34755.hoa   ?  -                              0.585s  NOT_LTL
  genaut/raw/aut_34756.hoa   ?  daisy2                4     2  0.066s  True
  genaut/raw/aut_34758.hoa   ?  acc                   1     0  1.103s  True
  genaut/raw/aut_34760.hoa   ?  daisy2                4     2  0.064s  True
  genaut/raw/aut_34764.hoa   ?  -                              0.581s  NOT_LTL
  genaut/raw/aut_34844.hoa   ?  buchi                13     3  1.110s  True
  genaut/raw/aut_34860.hoa   ?  buchi              4537   771  1.379s  UNVERIFIED_SIZE
  genaut/raw/aut_34876.hoa   ?  buchi               185    37  1.133s  UNVERIFIED_SIZE
  genaut/raw/aut_34883.hoa   ?  -                              0.585s  NOT_LTL
  genaut/raw/aut_34912.hoa   ?  -                              0.584s  NOT_LTL
  genaut/raw/aut_34915.hoa   ?  buchi               642   126  1.236s  UNVERIFIED_SIZE
  genaut/raw/aut_34924.hoa   ?  -                              0.581s  NOT_LTL
  genaut/raw/aut_34947.hoa   ?  buchi               660   127  1.170s  UNVERIFIED_SIZE
  genaut/raw/aut_35011.hoa   ?  -                              0.584s  NOT_LTL
  genaut/raw/aut_35864.hoa   ?  daisy2                4     2  0.067s  True
  genaut/raw/aut_35880.hoa   ?  daisy2                8     2  0.066s  True
  genaut/raw/aut_35896.hoa   ?  daisy2                4     2  0.064s  True
  genaut/raw/aut_35900.hoa   ?  buchi             37852  6573  2.545s  UNVERIFIED_SIZE
  genaut/raw/aut_35906.hoa   ?  -                              0.584s  NOT_LTL
  genaut/raw/aut_35936.hoa   ?  -                              0.579s  NOT_LTL
  genaut/raw/aut_35938.hoa   ?  -                              0.580s  NOT_LTL
  genaut/raw/aut_35944.hoa   ?  -                              0.584s  NOT_LTL
  genaut/raw/aut_35952.hoa   ?  daisy2                6     2  0.064s  True
  genaut/raw/aut_35954.hoa   ?  -                              0.583s  NOT_LTL
  genaut/raw/aut_35960.hoa   ?  daisy2                4     2  0.064s  True
  genaut/raw/aut_35970.hoa   ?  buchi              2742   459  1.291s  UNVERIFIED_SIZE
  genaut/raw/aut_35984.hoa   ?  daisy2                4     2  0.065s  True
  genaut/raw/aut_36034.hoa   ?  -                              0.583s  NOT_LTL
  genaut/raw/aut_36035.hoa   ?  buchi              1583   281  1.188s  UNVERIFIED_SIZE
CSV: genaut/logs/genaut.csv
